# JRE version: Java(TM) SE Runtime Environment (17.0.10+11) (build 17.0.10+11-LTS-240)
# Java VM: Java HotSpot(TM) 64-Bit Server VM (17.0.10+11-LTS-240, mixed mode, emulated-client, sharing, tiered, compressed oops, compressed class ptrs, g1 gc, windows-amd64)
GC Precious Log:
 CPUs: 12 total, 12 available
 Memory: 32451M
 Large Page Support: Disabled
 NUMA Support: Disabled
 Compressed Oops: Enabled (Zero based)
 Heap Region Size: 4M
 Heap Min Capacity: 8M
 Heap Initial Capacity: 508M
 Heap Max Capacity: 8116M
 Pre-touch: Disabled
 Parallel Workers: 10
 Concurrent Workers: 3
 Concurrent Refinement Workers: 10
 Periodic GC: Disabled
Heap:
 garbage-first heap   total 81920K, used 28060K [0x0000000604c00000, 0x0000000800000000)
  region size 4096K, 1 young (4096K), 1 survivors (4096K)
 Metaspace       used 62461K, committed 63168K, reserved 1114112K
  class space    used 8917K, committed 9216K, reserved 1048576K
GC Heap History (20 events):
Event: 2246.816 GC heap after
{Heap after GC invocations=33 (full 7):
 garbage-first heap   total 81920K, used 25197K [0x0000000604c00000, 0x0000000800000000)
  region size 4096K, 1 young (4096K), 1 survivors (4096K)
 Metaspace       used 61951K, committed 63168K, reserved 1114112K
  class space    used 8860K, committed 9216K, reserved 1048576K
}
Event: 2250.385 GC heap before
{Heap before GC invocations=33 (full 7):
 garbage-first heap   total 81920K, used 62061K [0x0000000604c00000, 0x0000000800000000)
  region size 4096K, 10 young (40960K), 1 survivors (4096K)
 Metaspace       used 61960K, committed 63168K, reserved 1114112K
  class space    used 8862K, committed 9216K, reserved 1048576K
}
Event: 2250.387 GC heap after
{Heap after GC invocations=34 (full 7):
 garbage-first heap   total 81920K, used 27641K [0x0000000604c00000, 0x0000000800000000)
  region size 4096K, 2 young (8192K), 2 survivors (8192K)
 Metaspace       used 61960K, committed 63168K, reserved 1114112K
  class space    used 8862K, committed 9216K, reserved 1048576K
}
Event: 2288.646 GC heap before
{Heap before GC invocations=34 (full 7):
 garbage-first heap   total 81920K, used 56313K [0x0000000604c00000, 0x0000000800000000)
  region size 4096K, 10 young (40960K), 2 survivors (8192K)
 Metaspace       used 62173K, committed 63168K, reserved 1114112K
  class space    used 8893K, committed 9216K, reserved 1048576K
}
Event: 2288.656 GC heap after
{Heap after GC invocations=35 (full 7):
 garbage-first heap   total 81920K, used 29931K [0x0000000604c00000, 0x0000000800000000)
  region size 4096K, 2 young (8192K), 2 survivors (8192K)
 Metaspace       used 62173K, committed 63168K, reserved 1114112K
  class space    used 8893K, committed 9216K, reserved 1048576K
}
Event: 2302.500 GC heap before
{Heap before GC invocations=35 (full 7):
 garbage-first heap   total 81920K, used 29931K [0x0000000604c00000, 0x0000000800000000)
  region size 4096K, 3 young (12288K), 2 survivors (8192K)
 Metaspace       used 62176K, committed 63168K, reserved 1114112K
  class space    used 8894K, committed 9216K, reserved 1048576K
}
Event: 2302.532 GC heap after
{Heap after GC invocations=36 (full 8):
 garbage-first heap   total 81920K, used 24227K [0x0000000604c00000, 0x0000000800000000)
  region size 4096K, 0 young (0K), 0 survivors (0K)
 Metaspace       used 62037K, committed 63168K, reserved 1114112K
  class space    used 8881K, committed 9216K, reserved 1048576K
}
Event: 2302.663 GC heap before
{Heap before GC invocations=36 (full 8):
 garbage-first heap   total 81920K, used 52899K [0x0000000604c00000, 0x0000000800000000)
  region size 4096K, 8 young (32768K), 0 survivors (0K)
 Metaspace       used 62053K, committed 63168K, reserved 1114112K
  class space    used 8884K, committed 9216K, reserved 1048576K
}
Event: 2302.665 GC heap after
{Heap after GC invocations=37 (full 8):
 garbage-first heap   total 81920K, used 27185K [0x0000000604c00000, 0x0000000800000000)
  region size 4096K, 1 young (4096K), 1 survivors (4096K)
 Metaspace       used 62053K, committed 63168K, reserved 1114112K
  class space    used 8884K, committed 9216K, reserved 1048576K
}
Event: 2306.320 GC heap before
{Heap before GC invocations=37 (full 8):
 garbage-first heap   total 81920K, used 47665K [0x0000000604c00000, 0x0000000800000000)
  region size 4096K, 8 young (32768K), 1 survivors (4096K)
 Metaspace       used 62196K, committed 63168K, reserved 1114112K
  class space    used 8898K, committed 9216K, reserved 1048576K
}
Event: 2306.348 GC heap after
{Heap after GC invocations=38 (full 9):
 garbage-first heap   total 81920K, used 24391K [0x0000000604c00000, 0x0000000800000000)
  region size 4096K, 0 young (0K), 0 survivors (0K)
 Metaspace       used 62173K, committed 63168K, reserved 1114112K
  class space    used 8893K, committed 9216K, reserved 1048576K
}
Event: 2306.490 GC heap before
{Heap before GC invocations=38 (full 9):
 garbage-first heap   total 81920K, used 53063K [0x0000000604c00000, 0x0000000800000000)
  region size 4096K, 8 young (32768K), 0 survivors (0K)
 Metaspace       used 62186K, committed 63168K, reserved 1114112K
  class space    used 8896K, committed 9216K, reserved 1048576K
}
Event: 2306.492 GC heap after
{Heap after GC invocations=39 (full 9):
 garbage-first heap   total 81920K, used 27268K [0x0000000604c00000, 0x0000000800000000)
  region size 4096K, 1 young (4096K), 1 survivors (4096K)
 Metaspace       used 62186K, committed 63168K, reserved 1114112K
  class space    used 8896K, committed 9216K, reserved 1048576K
}
Event: 2342.792 GC heap before
{Heap before GC invocations=39 (full 9):
 garbage-first heap   total 81920K, used 55940K [0x0000000604c00000, 0x0000000800000000)
  region size 4096K, 9 young (36864K), 1 survivors (4096K)
 Metaspace       used 62326K, committed 63168K, reserved 1114112K
  class space    used 8907K, committed 9216K, reserved 1048576K
}
Event: 2342.804 GC heap after
{Heap after GC invocations=40 (full 9):
 garbage-first heap   total 81920K, used 28204K [0x0000000604c00000, 0x0000000800000000)
  region size 4096K, 1 young (4096K), 1 survivors (4096K)
 Metaspace       used 62326K, committed 63168K, reserved 1114112K
  class space    used 8907K, committed 9216K, reserved 1048576K
}
Event: 2394.702 GC heap before
{Heap before GC invocations=40 (full 9):
 garbage-first heap   total 81920K, used 36396K [0x0000000604c00000, 0x0000000800000000)
  region size 4096K, 4 young (16384K), 1 survivors (4096K)
 Metaspace       used 62329K, committed 63168K, reserved 1114112K
  class space    used 8908K, committed 9216K, reserved 1048576K
}
Event: 2394.739 GC heap after
{Heap after GC invocations=41 (full 10):
 garbage-first heap   total 81920K, used 24209K [0x0000000604c00000, 0x0000000800000000)
  region size 4096K, 0 young (0K), 0 survivors (0K)
 Metaspace       used 62311K, committed 63168K, reserved 1114112K
  class space    used 8903K, committed 9216K, reserved 1048576K
}
Event: 2394.921 GC heap before
{Heap before GC invocations=41 (full 10):
 garbage-first heap   total 81920K, used 52881K [0x0000000604c00000, 0x0000000800000000)
  region size 4096K, 8 young (32768K), 0 survivors (0K)
 Metaspace       used 62320K, committed 63168K, reserved 1114112K
  class space    used 8906K, committed 9216K, reserved 1048576K
}
Event: 2394.924 GC heap after
{Heap after GC invocations=42 (full 10):
 garbage-first heap   total 81920K, used 26948K [0x0000000604c00000, 0x0000000800000000)
  region size 4096K, 1 young (4096K), 1 survivors (4096K)
 Metaspace       used 62320K, committed 63168K, reserved 1114112K
  class space    used 8906K, committed 9216K, reserved 1048576K
}
Event: 2430.508 GC heap before
{Heap before GC invocations=42 (full 10):
 garbage-first heap   total 81920K, used 59716K [0x0000000604c00000, 0x0000000800000000)
  region size 4096K, 9 young (36864K), 1 survivors (4096K)
 Metaspace       used 62461K, committed 63168K, reserved 1114112K
  class space    used 8917K, committed 9216K, reserved 1048576K
}

