# JRE version: OpenJDK Runtime Environment Temurin-21.0.4+7 (21.0.4+7) (build 21.0.4+7-LTS)
# Java VM: OpenJDK 64-Bit Server VM Temurin-21.0.4+7 (21.0.4+7-LTS, mixed mode, emulated-client, tiered, compressed oops, compressed class ptrs, g1 gc, windows-amd64)
GC Precious Log:
 CardTable entry size: 512
 Card Set container configuration: InlinePtr #cards 5 size 8 Array Of Cards #cards 12 size 40 Howl #buckets 4 coarsen threshold 1843 Howl Bitmap #cards 512 size 80 coarsen threshold 460 Card regions per heap region 1 cards per card region 2048
 CPUs: 12 total, 12 available
 Memory: 32451M
 Large Page Support: Disabled
 NUMA Support: Disabled
 Compressed Oops: Enabled (32-bit)
 Heap Region Size: 1M
 Heap Min Capacity: 8M
 Heap Initial Capacity: 508M
 Heap Max Capacity: 1G
 Pre-touch: Disabled
 Parallel Workers: 10
 Concurrent Workers: 3
 Concurrent Refinement Workers: 10
 Periodic GC: Disabled
Heap:
 garbage-first heap   total 140288K, used 43023K [0x00000000c0000000, 0x0000000100000000)
  region size 1024K, 1 young (1024K), 0 survivors (0K)
 Metaspace       used 66814K, committed 67712K, reserved 1114112K
  class space    used 8014K, committed 8448K, reserved 1048576K
GC Heap History (20 events):
Event: 7807.593 GC heap after
{Heap after GC invocations=579 (full 557):
 garbage-first heap   total 140288K, used 42641K [0x00000000c0000000, 0x0000000100000000)
  region size 1024K, 0 young (0K), 0 survivors (0K)
 Metaspace       used 66814K, committed 67712K, reserved 1114112K
  class space    used 8014K, committed 8448K, reserved 1048576K
}
Event: 7847.817 GC heap before
{Heap before GC invocations=579 (full 557):
 garbage-first heap   total 140288K, used 45713K [0x00000000c0000000, 0x0000000100000000)
  region size 1024K, 4 young (4096K), 0 survivors (0K)
 Metaspace       used 66890K, committed 67712K, reserved 1114112K
  class space    used 8034K, committed 8448K, reserved 1048576K
}
Event: 7847.839 GC heap after
{Heap after GC invocations=580 (full 558):
 garbage-first heap   total 140288K, used 43246K [0x00000000c0000000, 0x0000000100000000)
  region size 1024K, 0 young (0K), 0 survivors (0K)
 Metaspace       used 66890K, committed 67712K, reserved 1114112K
  class space    used 8034K, committed 8448K, reserved 1048576K
}
Event: 7858.134 GC heap before
{Heap before GC invocations=580 (full 558):
 garbage-first heap   total 140288K, used 43246K [0x00000000c0000000, 0x0000000100000000)
  region size 1024K, 1 young (1024K), 0 survivors (0K)
 Metaspace       used 66890K, committed 67712K, reserved 1114112K
  class space    used 8034K, committed 8448K, reserved 1048576K
}
Event: 7858.158 GC heap after
{Heap after GC invocations=581 (full 559):
 garbage-first heap   total 140288K, used 43246K [0x00000000c0000000, 0x0000000100000000)
  region size 1024K, 0 young (0K), 0 survivors (0K)
 Metaspace       used 66890K, committed 67712K, reserved 1114112K
  class space    used 8034K, committed 8448K, reserved 1048576K
}
Event: 7868.403 GC heap before
{Heap before GC invocations=581 (full 559):
 garbage-first heap   total 140288K, used 43246K [0x00000000c0000000, 0x0000000100000000)
  region size 1024K, 1 young (1024K), 0 survivors (0K)
 Metaspace       used 66890K, committed 67712K, reserved 1114112K
  class space    used 8034K, committed 8448K, reserved 1048576K
}
Event: 7868.425 GC heap after
{Heap after GC invocations=582 (full 560):
 garbage-first heap   total 140288K, used 43246K [0x00000000c0000000, 0x0000000100000000)
  region size 1024K, 0 young (0K), 0 survivors (0K)
 Metaspace       used 66890K, committed 67712K, reserved 1114112K
  class space    used 8034K, committed 8448K, reserved 1048576K
}
Event: 7878.669 GC heap before
{Heap before GC invocations=582 (full 560):
 garbage-first heap   total 140288K, used 43246K [0x00000000c0000000, 0x0000000100000000)
  region size 1024K, 1 young (1024K), 0 survivors (0K)
 Metaspace       used 66890K, committed 67712K, reserved 1114112K
  class space    used 8034K, committed 8448K, reserved 1048576K
}
Event: 7878.692 GC heap after
{Heap after GC invocations=583 (full 561):
 garbage-first heap   total 140288K, used 43244K [0x00000000c0000000, 0x0000000100000000)
  region size 1024K, 0 young (0K), 0 survivors (0K)
 Metaspace       used 66890K, committed 67712K, reserved 1114112K
  class space    used 8034K, committed 8448K, reserved 1048576K
}
Event: 7888.901 GC heap before
{Heap before GC invocations=583 (full 561):
 garbage-first heap   total 140288K, used 43244K [0x00000000c0000000, 0x0000000100000000)
  region size 1024K, 1 young (1024K), 0 survivors (0K)
 Metaspace       used 66890K, committed 67712K, reserved 1114112K
  class space    used 8034K, committed 8448K, reserved 1048576K
}
Event: 7888.924 GC heap after
{Heap after GC invocations=584 (full 562):
 garbage-first heap   total 140288K, used 43244K [0x00000000c0000000, 0x0000000100000000)
  region size 1024K, 0 young (0K), 0 survivors (0K)
 Metaspace       used 66890K, committed 67712K, reserved 1114112K
  class space    used 8034K, committed 8448K, reserved 1048576K
}
Event: 7899.140 GC heap before
{Heap before GC invocations=584 (full 562):
 garbage-first heap   total 140288K, used 43244K [0x00000000c0000000, 0x0000000100000000)
  region size 1024K, 1 young (1024K), 0 survivors (0K)
 Metaspace       used 66890K, committed 67712K, reserved 1114112K
  class space    used 8034K, committed 8448K, reserved 1048576K
}
Event: 7899.163 GC heap after
{Heap after GC invocations=585 (full 563):
 garbage-first heap   total 140288K, used 43244K [0x00000000c0000000, 0x0000000100000000)
  region size 1024K, 0 young (0K), 0 survivors (0K)
 Metaspace       used 66890K, committed 67712K, reserved 1114112K
  class space    used 8034K, committed 8448K, reserved 1048576K
}
Event: 7999.383 GC heap before
{Heap before GC invocations=585 (full 563):
 garbage-first heap   total 140288K, used 93420K [0x00000000c0000000, 0x0000000100000000)
  region size 1024K, 50 young (51200K), 0 survivors (0K)
 Metaspace       used 66911K, committed 67712K, reserved 1114112K
  class space    used 8040K, committed 8448K, reserved 1048576K
}
Event: 7999.447 GC heap after
{Heap after GC invocations=586 (full 564):
 garbage-first heap   total 140288K, used 43574K [0x00000000c0000000, 0x0000000100000000)
  region size 1024K, 0 young (0K), 0 survivors (0K)
 Metaspace       used 66911K, committed 67712K, reserved 1114112K
  class space    used 8040K, committed 8448K, reserved 1048576K
}
Event: 8009.669 GC heap before
{Heap before GC invocations=586 (full 564):
 garbage-first heap   total 140288K, used 43574K [0x00000000c0000000, 0x0000000100000000)
  region size 1024K, 1 young (1024K), 0 survivors (0K)
 Metaspace       used 66911K, committed 67712K, reserved 1114112K
  class space    used 8040K, committed 8448K, reserved 1048576K
}
Event: 8009.742 GC heap after
{Heap after GC invocations=587 (full 565):
 garbage-first heap   total 140288K, used 43023K [0x00000000c0000000, 0x0000000100000000)
  region size 1024K, 0 young (0K), 0 survivors (0K)
 Metaspace       used 66814K, committed 67712K, reserved 1114112K
  class space    used 8014K, committed 8448K, reserved 1048576K
}
Event: 8020.034 GC heap before
{Heap before GC invocations=587 (full 565):
 garbage-first heap   total 140288K, used 43023K [0x00000000c0000000, 0x0000000100000000)
  region size 1024K, 1 young (1024K), 0 survivors (0K)
 Metaspace       used 66814K, committed 67712K, reserved 1114112K
  class space    used 8014K, committed 8448K, reserved 1048576K
}
Event: 8020.151 GC heap after
{Heap after GC invocations=588 (full 566):
 garbage-first heap   total 140288K, used 43023K [0x00000000c0000000, 0x0000000100000000)
  region size 1024K, 0 young (0K), 0 survivors (0K)
 Metaspace       used 66814K, committed 67712K, reserved 1114112K
  class space    used 8014K, committed 8448K, reserved 1048576K
}
Event: 8030.213 GC heap before
{Heap before GC invocations=588 (full 566):
 garbage-first heap   total 140288K, used 43023K [0x00000000c0000000, 0x0000000100000000)
  region size 1024K, 1 young (1024K), 0 survivors (0K)
 Metaspace       used 66814K, committed 67712K, reserved 1114112K
  class space    used 8014K, committed 8448K, reserved 1048576K
}

